{"/home/abdulrahman/microverseprojects/javascript/jstest/todo-tasks/src/add-remove.js": {"path":"/home/abdulrahman/microverseprojects/javascript/jstest/todo-tasks/src/add-remove.js","statementMap":{"0":{"start":{"line":3,"column":34},"end":{"line":6,"column":1}},"1":{"start":{"line":4,"column":2},"end":{"line":4,"column":22}},"2":{"start":{"line":5,"column":2},"end":{"line":5,"column":29}},"3":{"start":{"line":8,"column":26},"end":{"line":15,"column":1}},"4":{"start":{"line":9,"column":18},"end":{"line":13,"column":3}},"5":{"start":{"line":14,"column":2},"end":{"line":14,"column":17}},"6":{"start":{"line":17,"column":38},"end":{"line":24,"column":1}},"7":{"start":{"line":18,"column":2},"end":{"line":18,"column":59}},"8":{"start":{"line":18,"column":33},"end":{"line":18,"column":57}},"9":{"start":{"line":19,"column":2},"end":{"line":21,"column":5}},"10":{"start":{"line":20,"column":4},"end":{"line":20,"column":23}},"11":{"start":{"line":22,"column":2},"end":{"line":22,"column":29}},"12":{"start":{"line":23,"column":2},"end":{"line":23,"column":15}},"13":{"start":{"line":26,"column":24},"end":{"line":34,"column":1}},"14":{"start":{"line":27,"column":13},"end":{"line":27,"column":50}},"15":{"start":{"line":28,"column":2},"end":{"line":32,"column":5}},"16":{"start":{"line":29,"column":4},"end":{"line":31,"column":5}},"17":{"start":{"line":30,"column":6},"end":{"line":30,"column":44}},"18":{"start":{"line":33,"column":2},"end":{"line":33,"column":29}},"19":{"start":{"line":36,"column":28},"end":{"line":39,"column":1}},"20":{"start":{"line":37,"column":2},"end":{"line":37,"column":56}},"21":{"start":{"line":37,"column":33},"end":{"line":37,"column":54}},"22":{"start":{"line":38,"column":2},"end":{"line":38,"column":15}}},"fnMap":{"0":{"name":"(anonymous_0)","decl":{"start":{"line":3,"column":34},"end":{"line":3,"column":35}},"loc":{"start":{"line":3,"column":54},"end":{"line":6,"column":1}},"line":3},"1":{"name":"(anonymous_1)","decl":{"start":{"line":8,"column":26},"end":{"line":8,"column":27}},"loc":{"start":{"line":8,"column":43},"end":{"line":15,"column":1}},"line":8},"2":{"name":"(anonymous_2)","decl":{"start":{"line":17,"column":38},"end":{"line":17,"column":39}},"loc":{"start":{"line":17,"column":49},"end":{"line":24,"column":1}},"line":17},"3":{"name":"(anonymous_3)","decl":{"start":{"line":18,"column":23},"end":{"line":18,"column":24}},"loc":{"start":{"line":18,"column":33},"end":{"line":18,"column":57}},"line":18},"4":{"name":"(anonymous_4)","decl":{"start":{"line":19,"column":16},"end":{"line":19,"column":17}},"loc":{"start":{"line":19,"column":29},"end":{"line":21,"column":3}},"line":19},"5":{"name":"(anonymous_5)","decl":{"start":{"line":26,"column":24},"end":{"line":26,"column":25}},"loc":{"start":{"line":26,"column":43},"end":{"line":34,"column":1}},"line":26},"6":{"name":"(anonymous_6)","decl":{"start":{"line":28,"column":16},"end":{"line":28,"column":17}},"loc":{"start":{"line":28,"column":26},"end":{"line":32,"column":3}},"line":28},"7":{"name":"(anonymous_7)","decl":{"start":{"line":36,"column":28},"end":{"line":36,"column":29}},"loc":{"start":{"line":36,"column":47},"end":{"line":39,"column":1}},"line":36},"8":{"name":"(anonymous_8)","decl":{"start":{"line":37,"column":23},"end":{"line":37,"column":24}},"loc":{"start":{"line":37,"column":33},"end":{"line":37,"column":54}},"line":37}},"branchMap":{"0":{"loc":{"start":{"line":10,"column":11},"end":{"line":10,"column":50}},"type":"cond-expr","locations":[{"start":{"line":10,"column":30},"end":{"line":10,"column":31}},{"start":{"line":10,"column":34},"end":{"line":10,"column":50}}],"line":10},"1":{"loc":{"start":{"line":29,"column":4},"end":{"line":31,"column":5}},"type":"if","locations":[{"start":{"line":29,"column":4},"end":{"line":31,"column":5}},{"start":{"line":29,"column":4},"end":{"line":31,"column":5}}],"line":29}},"s":{"0":1,"1":0,"2":0,"3":1,"4":1,"5":1,"6":1,"7":0,"8":0,"9":0,"10":0,"11":0,"12":0,"13":1,"14":0,"15":0,"16":0,"17":0,"18":0,"19":1,"20":1,"21":0,"22":1},"f":{"0":0,"1":1,"2":0,"3":0,"4":0,"5":0,"6":0,"7":1,"8":0},"b":{"0":[1,0],"1":[0,0]},"_coverageSchema":"1a1c01bbd47fc00a2c39e90264f33305004495a9","hash":"19317390a338edc7ad60d9cd0708b2b7e6af07eb"}
,"/home/abdulrahman/microverseprojects/javascript/jstest/todo-tasks/src/onclickadd.js": {"path":"/home/abdulrahman/microverseprojects/javascript/jstest/todo-tasks/src/onclickadd.js","statementMap":{"0":{"start":{"line":2,"column":19},"end":{"line":42,"column":1}},"1":{"start":{"line":3,"column":13},"end":{"line":3,"column":41}},"2":{"start":{"line":4,"column":2},"end":{"line":4,"column":40}},"3":{"start":{"line":5,"column":2},"end":{"line":5,"column":44}},"4":{"start":{"line":6,"column":14},"end":{"line":6,"column":43}},"5":{"start":{"line":7,"column":2},"end":{"line":7,"column":53}},"6":{"start":{"line":8,"column":16},"end":{"line":8,"column":47}},"7":{"start":{"line":9,"column":2},"end":{"line":9,"column":39}},"8":{"start":{"line":10,"column":2},"end":{"line":10,"column":50}},"9":{"start":{"line":11,"column":19},"end":{"line":11,"column":50}},"10":{"start":{"line":13,"column":15},"end":{"line":13,"column":45}},"11":{"start":{"line":14,"column":2},"end":{"line":14,"column":48}},"12":{"start":{"line":15,"column":2},"end":{"line":15,"column":48}},"13":{"start":{"line":16,"column":2},"end":{"line":16,"column":38}},"14":{"start":{"line":18,"column":2},"end":{"line":18,"column":44}},"15":{"start":{"line":19,"column":2},"end":{"line":19,"column":45}},"16":{"start":{"line":20,"column":2},"end":{"line":20,"column":45}},"17":{"start":{"line":22,"column":2},"end":{"line":22,"column":30}},"18":{"start":{"line":23,"column":13},"end":{"line":23,"column":43}},"19":{"start":{"line":24,"column":2},"end":{"line":24,"column":40}},"20":{"start":{"line":25,"column":2},"end":{"line":25,"column":24}},"21":{"start":{"line":27,"column":14},"end":{"line":27,"column":41}},"22":{"start":{"line":28,"column":2},"end":{"line":28,"column":56}},"23":{"start":{"line":29,"column":2},"end":{"line":29,"column":46}},"24":{"start":{"line":31,"column":15},"end":{"line":31,"column":42}},"25":{"start":{"line":32,"column":2},"end":{"line":32,"column":65}},"26":{"start":{"line":33,"column":2},"end":{"line":33,"column":48}},"27":{"start":{"line":35,"column":2},"end":{"line":35,"column":25}},"28":{"start":{"line":36,"column":2},"end":{"line":36,"column":24}},"29":{"start":{"line":37,"column":2},"end":{"line":37,"column":24}},"30":{"start":{"line":38,"column":2},"end":{"line":38,"column":23}},"31":{"start":{"line":39,"column":2},"end":{"line":39,"column":22}},"32":{"start":{"line":40,"column":20},"end":{"line":40,"column":57}},"33":{"start":{"line":41,"column":2},"end":{"line":41,"column":28}}},"fnMap":{"0":{"name":"(anonymous_0)","decl":{"start":{"line":2,"column":19},"end":{"line":2,"column":20}},"loc":{"start":{"line":2,"column":29},"end":{"line":42,"column":1}},"line":2}},"branchMap":{},"s":{"0":1,"1":11,"2":11,"3":11,"4":11,"5":11,"6":11,"7":11,"8":11,"9":11,"10":11,"11":11,"12":11,"13":11,"14":11,"15":11,"16":11,"17":11,"18":11,"19":11,"20":11,"21":11,"22":11,"23":11,"24":11,"25":11,"26":11,"27":11,"28":11,"29":11,"30":11,"31":11,"32":11,"33":11},"f":{"0":11},"b":{},"_coverageSchema":"1a1c01bbd47fc00a2c39e90264f33305004495a9","hash":"6e89125a3086e68e3800d4070d382bc6668bc51d"}
,"/home/abdulrahman/microverseprojects/javascript/jstest/todo-tasks/src/onclickremove.js": {"path":"/home/abdulrahman/microverseprojects/javascript/jstest/todo-tasks/src/onclickremove.js","statementMap":{"0":{"start":{"line":4,"column":21},"end":{"line":10,"column":1}},"1":{"start":{"line":5,"column":2},"end":{"line":5,"column":56}},"2":{"start":{"line":5,"column":33},"end":{"line":5,"column":54}},"3":{"start":{"line":6,"column":2},"end":{"line":6,"column":55}},"4":{"start":{"line":7,"column":2},"end":{"line":9,"column":5}},"5":{"start":{"line":8,"column":4},"end":{"line":8,"column":21}}},"fnMap":{"0":{"name":"(anonymous_0)","decl":{"start":{"line":4,"column":21},"end":{"line":4,"column":22}},"loc":{"start":{"line":4,"column":40},"end":{"line":10,"column":1}},"line":4},"1":{"name":"(anonymous_1)","decl":{"start":{"line":5,"column":23},"end":{"line":5,"column":24}},"loc":{"start":{"line":5,"column":33},"end":{"line":5,"column":54}},"line":5},"2":{"name":"(anonymous_2)","decl":{"start":{"line":7,"column":16},"end":{"line":7,"column":17}},"loc":{"start":{"line":7,"column":26},"end":{"line":9,"column":3}},"line":7}},"branchMap":{},"s":{"0":1,"1":1,"2":3,"3":1,"4":1,"5":2},"f":{"0":1,"1":3,"2":2},"b":{},"_coverageSchema":"1a1c01bbd47fc00a2c39e90264f33305004495a9","hash":"79ab5325ea459c2a531206312308bebbd7098d31"}
,"/home/abdulrahman/microverseprojects/javascript/jstest/todo-tasks/src/storage.js": {"path":"/home/abdulrahman/microverseprojects/javascript/jstest/todo-tasks/src/storage.js","statementMap":{"0":{"start":{"line":1,"column":25},"end":{"line":1,"column":59}},"1":{"start":{"line":1,"column":34},"end":{"line":1,"column":59}},"2":{"start":{"line":3,"column":26},"end":{"line":3,"column":72}},"3":{"start":{"line":3,"column":35},"end":{"line":3,"column":72}},"4":{"start":{"line":5,"column":26},"end":{"line":7,"column":1}},"5":{"start":{"line":6,"column":2},"end":{"line":6,"column":51}}},"fnMap":{"0":{"name":"(anonymous_0)","decl":{"start":{"line":1,"column":25},"end":{"line":1,"column":26}},"loc":{"start":{"line":1,"column":34},"end":{"line":1,"column":59}},"line":1},"1":{"name":"(anonymous_1)","decl":{"start":{"line":3,"column":26},"end":{"line":3,"column":27}},"loc":{"start":{"line":3,"column":35},"end":{"line":3,"column":72}},"line":3},"2":{"name":"(anonymous_2)","decl":{"start":{"line":5,"column":26},"end":{"line":5,"column":27}},"loc":{"start":{"line":5,"column":42},"end":{"line":7,"column":1}},"line":5}},"branchMap":{},"s":{"0":1,"1":0,"2":1,"3":0,"4":1,"5":0},"f":{"0":0,"1":0,"2":0},"b":{},"_coverageSchema":"1a1c01bbd47fc00a2c39e90264f33305004495a9","hash":"d0dc72fbf14ceb05ca3b287ae4027e458f67ce2f"}
}
