TN:
SF:src/add-remove.js
FN:3,(anonymous_0)
FN:8,(anonymous_1)
FN:17,(anonymous_2)
FN:18,(anonymous_3)
FN:19,(anonymous_4)
FN:26,(anonymous_5)
FN:28,(anonymous_6)
FN:36,(anonymous_7)
FN:37,(anonymous_8)
FNF:9
FNH:2
FNDA:0,(anonymous_0)
FNDA:1,(anonymous_1)
FNDA:0,(anonymous_2)
FNDA:0,(anonymous_3)
FNDA:0,(anonymous_4)
FNDA:0,(anonymous_5)
FNDA:0,(anonymous_6)
FNDA:1,(anonymous_7)
FNDA:0,(anonymous_8)
DA:3,1
DA:4,0
DA:5,0
DA:8,1
DA:9,1
DA:14,1
DA:17,1
DA:18,0
DA:19,0
DA:20,0
DA:22,0
DA:23,0
DA:26,1
DA:27,0
DA:28,0
DA:29,0
DA:30,0
DA:33,0
DA:36,1
DA:37,1
DA:38,1
LF:21
LH:9
BRDA:10,0,0,1
BRDA:10,0,1,0
BRDA:29,1,0,0
BRDA:29,1,1,0
BRF:4
BRH:1
end_of_record
TN:
SF:src/onclickadd.js
FN:2,(anonymous_0)
FNF:1
FNH:1
FNDA:11,(anonymous_0)
DA:2,1
DA:3,11
DA:4,11
DA:5,11
DA:6,11
DA:7,11
DA:8,11
DA:9,11
DA:10,11
DA:11,11
DA:13,11
DA:14,11
DA:15,11
DA:16,11
DA:18,11
DA:19,11
DA:20,11
DA:22,11
DA:23,11
DA:24,11
DA:25,11
DA:27,11
DA:28,11
DA:29,11
DA:31,11
DA:32,11
DA:33,11
DA:35,11
DA:36,11
DA:37,11
DA:38,11
DA:39,11
DA:40,11
DA:41,11
LF:34
LH:34
BRF:0
BRH:0
end_of_record
TN:
SF:src/onclickremove.js
FN:4,(anonymous_0)
FN:5,(anonymous_1)
FN:7,(anonymous_2)
FNF:3
FNH:3
FNDA:1,(anonymous_0)
FNDA:3,(anonymous_1)
FNDA:2,(anonymous_2)
DA:4,1
DA:5,3
DA:6,1
DA:7,1
DA:8,2
LF:5
LH:5
BRF:0
BRH:0
end_of_record
TN:
SF:src/storage.js
FN:1,(anonymous_0)
FN:3,(anonymous_1)
FN:5,(anonymous_2)
FNF:3
FNH:0
FNDA:0,(anonymous_0)
FNDA:0,(anonymous_1)
FNDA:0,(anonymous_2)
DA:1,1
DA:3,1
DA:5,1
DA:6,0
LF:4
LH:3
BRF:0
BRH:0
end_of_record
